
Efinity Interface Designer Timing Report
Version: 2022.1.226
Date: 2023-01-22 18:00

Copyright (C) 2017 - 2022 Efinix Inc. All rights reserved.

Device: T35F400
Project: T35SBC_extRAM_6
Timing Model: C4 (final)

---------- 1. PLL Timing Report (begin) ----------

+-------------+-------------+-----------------------+
|    Clock    | Period (ns) | Phase Shift (degrees) |
+-------------+-------------+-----------------------+
| pll0_100MHz |   40.0000   |           0           |
|  pll0_2MHz  |   500.0000  |           0           |
+-------------+-------------+-----------------------+

---------- PLL Timing Report (end) ----------

---------- 2. GPIO Timing Report (begin) ----------

Non-registered GPIO Configuration:
===================================

+----------------+----------------+-----------+----------+----------+
| Instance Name  |    Pin Name    | Parameter | Max (ns) | Min (ns) |
+----------------+----------------+-----------+----------+----------+
|    clockIn     |    clockIn     |  GPIO_IN  |  1.476   |  0.738   |
|   FspareIN2    |   FspareIN2    |  GPIO_IN  |  1.396   |  0.698   |
|   in_n_INTA    |   in_n_INTA    |  GPIO_IN  |  1.396   |  0.698   |
|   in_n_INTB    |   in_n_INTB    |  GPIO_IN  |  1.396   |  0.698   |
|   inPrnBusy    |   inPrnBusy    |  GPIO_IN  |  1.396   |  0.698   |
|   s100_n_NMI   |   s100_n_NMI   |  GPIO_IN  |  1.476   |  0.738   |
|    s100_rdy    |    s100_rdy    |  GPIO_IN  |  1.636   |  0.818   |
|   s100_xrdy    |   s100_xrdy    |  GPIO_IN  |  1.796   |  0.898   |
|  sw_IOBYTE[0]  |  sw_IOBYTE[0]  |  GPIO_IN  |  1.396   |  0.698   |
|  sw_IOBYTE[1]  |  sw_IOBYTE[1]  |  GPIO_IN  |  1.396   |  0.698   |
|  sw_IOBYTE[2]  |  sw_IOBYTE[2]  |  GPIO_IN  |  1.396   |  0.698   |
|  sw_IOBYTE[3]  |  sw_IOBYTE[3]  |  GPIO_IN  |  1.396   |  0.698   |
|  sw_IOBYTE[4]  |  sw_IOBYTE[4]  |  GPIO_IN  |  1.396   |  0.698   |
|  sw_IOBYTE[5]  |  sw_IOBYTE[5]  |  GPIO_IN  |  1.396   |  0.698   |
|  sw_IOBYTE[6]  |  sw_IOBYTE[6]  |  GPIO_IN  |  1.396   |  0.698   |
|  sw_IOBYTE[7]  |  sw_IOBYTE[7]  |  GPIO_IN  |  1.396   |  0.698   |
|    diagLED     |    diagLED     |  GPIO_OUT |  3.566   |  1.783   |
|  F_bus_ctl_oe  |  F_bus_ctl_oe  |  GPIO_OUT |  3.909   |  1.955   |
|  F_out_DI_oe   |  F_out_DI_oe   |  GPIO_OUT |  3.829   |  1.915   |
|  F_out_DO_oe   |  F_out_DO_oe   |  GPIO_OUT |  3.829   |  1.915   |
|   highRamLED   |   highRamLED   |  GPIO_OUT |  3.886   |  1.943   |
|   highRomLED   |   highRomLED   |  GPIO_OUT |  3.566   |  1.783   |
|   lowRomLED    |   lowRomLED    |  GPIO_OUT |  3.566   |  1.783   |
|   outPrn[5]    |   outPrn[5]    |  GPIO_OUT |  3.829   |  1.915   |
|   outPrn[6]    |   outPrn[6]    |  GPIO_OUT |  3.829   |  1.915   |
|   outPrn[7]    |   outPrn[7]    |  GPIO_OUT |  3.829   |  1.915   |
|  outPrnStrobe  |  outPrnStrobe  |  GPIO_OUT |  3.829   |  1.915   |
|   prnAckLED    |   prnAckLED    |  GPIO_OUT |  3.829   |  1.915   |
|    ram_n_cs    |    ram_n_cs    |  GPIO_OUT |  3.979   |  1.989   |
|   s100_DO[0]   |   s100_DO[0]   |  GPIO_OUT |  3.659   |  1.829   |
|   s100_DO[1]   |   s100_DO[1]   |  GPIO_OUT |  3.659   |  1.829   |
|   s100_DO[2]   |   s100_DO[2]   |  GPIO_OUT |  3.659   |  1.829   |
|   s100_DO[3]   |   s100_DO[3]   |  GPIO_OUT |  3.659   |  1.829   |
|   s100_DO[4]   |   s100_DO[4]   |  GPIO_OUT |  3.659   |  1.829   |
|   s100_DO[5]   |   s100_DO[5]   |  GPIO_OUT |  3.659   |  1.829   |
|   s100_DO[6]   |   s100_DO[6]   |  GPIO_OUT |  3.659   |  1.829   |
|   s100_DO[7]   |   s100_DO[7]   |  GPIO_OUT |  3.659   |  1.829   |
|  s100_PHANTOM  |  s100_PHANTOM  |  GPIO_OUT |  4.229   |  2.115   |
|   s100_sMWRT   |   s100_sMWRT   |  GPIO_OUT |  3.909   |  1.955   |
| S100adr0_15[0] | S100adr0_15[0] |  GPIO_OUT |  3.659   |  1.829   |
| S100adr0_15[1] | S100adr0_15[1] |  GPIO_OUT |  3.659   |  1.829   |
| S100adr0_15[2] | S100adr0_15[2] |  GPIO_OUT |  3.659   |  1.829   |
| S100adr0_15[3] | S100adr0_15[3] |  GPIO_OUT |  3.659   |  1.829   |
| S100adr0_15[4] | S100adr0_15[4] |  GPIO_OUT |  3.659   |  1.829   |
| s100PhantomLED | s100PhantomLED |  GPIO_OUT |  3.829   |  1.915   |
|  SBC_LEDs[0]   |  SBC_LEDs[0]   |  GPIO_OUT |  3.566   |  1.783   |
|  SBC_LEDs[1]   |  SBC_LEDs[1]   |  GPIO_OUT |  3.566   |  1.783   |
|  SBC_LEDs[2]   |  SBC_LEDs[2]   |  GPIO_OUT |  3.566   |  1.783   |
|  SBC_LEDs[3]   |  SBC_LEDs[3]   |  GPIO_OUT |  3.566   |  1.783   |
|  SBC_LEDs[4]   |  SBC_LEDs[4]   |  GPIO_OUT |  3.646   |  1.823   |
|  SBC_LEDs[5]   |  SBC_LEDs[5]   |  GPIO_OUT |  3.646   |  1.823   |
|  SBC_LEDs[6]   |  SBC_LEDs[6]   |  GPIO_OUT |  3.646   |  1.823   |
|  SBC_LEDs[7]   |  SBC_LEDs[7]   |  GPIO_OUT |  3.566   |  1.783   |
|    seg7[0]     |    seg7[0]     |  GPIO_OUT |  3.566   |  1.783   |
|    seg7[1]     |    seg7[1]     |  GPIO_OUT |  3.566   |  1.783   |
|    seg7[2]     |    seg7[2]     |  GPIO_OUT |  3.566   |  1.783   |
|    seg7[3]     |    seg7[3]     |  GPIO_OUT |  3.566   |  1.783   |
|    seg7[4]     |    seg7[4]     |  GPIO_OUT |  3.566   |  1.783   |
|    seg7[5]     |    seg7[5]     |  GPIO_OUT |  3.566   |  1.783   |
|    seg7[6]     |    seg7[6]     |  GPIO_OUT |  3.566   |  1.783   |
|    seg7_dp     |    seg7_dp     |  GPIO_OUT |  3.566   |  1.783   |
|    spare_P1    |    spare_P1    |  GPIO_OUT |  3.966   |  1.983   |
|   spare_P17    |   spare_P17    |  GPIO_OUT |  3.966   |  1.983   |
|   spare_P32    |   spare_P32    |  GPIO_OUT |  4.069   |  2.034   |
|   spare_P33    |   spare_P33    |  GPIO_OUT |  3.806   |  1.903   |
|  usbRXbusyLED  |  usbRXbusyLED  |  GPIO_OUT |  3.566   |  1.783   |
|  usbTXbusyLED  |  usbTXbusyLED  |  GPIO_OUT |  3.566   |  1.783   |
|   biData[0]    |  biData_IN[0]  |  GPIO_IN  |  1.396   |  0.698   |
|   biData[0]    | biData_OUT[0]  |  GPIO_OUT |  3.659   |  1.829   |
|   biData[0]    |  biData_OE[0]  |  GPIO_OUT |  3.701   |  1.851   |
|   biData[1]    |  biData_IN[1]  |  GPIO_IN  |  1.396   |  0.698   |
|   biData[1]    | biData_OUT[1]  |  GPIO_OUT |  3.659   |  1.829   |
|   biData[1]    |  biData_OE[1]  |  GPIO_OUT |  3.701   |  1.851   |
|   biData[2]    |  biData_IN[2]  |  GPIO_IN  |  1.396   |  0.698   |
|   biData[2]    | biData_OUT[2]  |  GPIO_OUT |  3.659   |  1.829   |
|   biData[2]    |  biData_OE[2]  |  GPIO_OUT |  3.701   |  1.851   |
|   biData[3]    |  biData_IN[3]  |  GPIO_IN  |  1.396   |  0.698   |
|   biData[3]    | biData_OUT[3]  |  GPIO_OUT |  3.659   |  1.829   |
|   biData[3]    |  biData_OE[3]  |  GPIO_OUT |  3.701   |  1.851   |
|   biData[4]    |  biData_IN[4]  |  GPIO_IN  |  1.396   |  0.698   |
|   biData[4]    | biData_OUT[4]  |  GPIO_OUT |  3.659   |  1.829   |
|   biData[4]    |  biData_OE[4]  |  GPIO_OUT |  3.701   |  1.851   |
|      test      |    test_IN     |  GPIO_IN  |  1.396   |  0.698   |
|      test      |    test_OUT    |  GPIO_OUT |  3.829   |  1.915   |
|      test      |    test_OE     |  GPIO_OUT |  3.871   |  1.935   |
+----------------+----------------+-----------+----------+----------+

---------- GPIO Timing Report (end) ----------

---------- 3. LVDS Rx Timing Report (begin) ----------

Non-registered LVDS GPIO Configuration:
========================================

+---------------+---------------+-----------+----------+----------+
| Instance Name |    Pin Name   | Parameter | Max (ns) | Min (ns) |
+---------------+---------------+-----------+----------+----------+
|   FspareIN1   |   FspareIN1   |  GPIO_IN  |  1.714   |  0.857   |
|   in_n_INTC   |   in_n_INTC   |  GPIO_IN  |  1.714   |  0.857   |
|   in_n_INTD   |   in_n_INTD   |  GPIO_IN  |  1.714   |  0.857   |
|  inEnableINTA |  inEnableINTA |  GPIO_IN  |  1.714   |  0.857   |
|    inPrnAck   |    inPrnAck   |  GPIO_IN  |  1.714   |  0.857   |
|   s100_DI[0]  |   s100_DI[0]  |  GPIO_IN  |  1.714   |  0.857   |
|   s100_DI[1]  |   s100_DI[1]  |  GPIO_IN  |  1.714   |  0.857   |
|   s100_DI[2]  |   s100_DI[2]  |  GPIO_IN  |  1.714   |  0.857   |
|   s100_DI[3]  |   s100_DI[3]  |  GPIO_IN  |  1.714   |  0.857   |
|   s100_DI[4]  |   s100_DI[4]  |  GPIO_IN  |  1.714   |  0.857   |
|   s100_DI[5]  |   s100_DI[5]  |  GPIO_IN  |  1.714   |  0.857   |
|   s100_DI[6]  |   s100_DI[6]  |  GPIO_IN  |  1.714   |  0.857   |
|   s100_DI[7]  |   s100_DI[7]  |  GPIO_IN  |  1.714   |  0.857   |
|   s100_HOLD   |   s100_HOLD   |  GPIO_IN  |  1.714   |  0.857   |
|   s100_n_INT  |   s100_n_INT  |  GPIO_IN  |  1.714   |  0.857   |
|  s100_n_RESET |  s100_n_RESET |  GPIO_IN  |  1.714   |  0.857   |
|  boardActive  |  boardActive  |  GPIO_OUT |  2.400   |  1.200   |
| cpuClkOut_P19 | cpuClkOut_P19 |  GPIO_OUT |  2.400   |  1.200   |
|   FspareOut1  |   FspareOut1  |  GPIO_OUT |  2.700   |  1.350   |
|   FspareOut2  |   FspareOut2  |  GPIO_OUT |  2.700   |  1.350   |
| idePorts_n_rd | idePorts_n_rd |  GPIO_OUT |  3.542   |  1.771   |
| idePorts_n_wr | idePorts_n_wr |  GPIO_OUT |  3.542   |  1.771   |
|  out8255_n_cs |  out8255_n_cs |  GPIO_OUT |  3.542   |  1.771   |
|  outIDE_n_rd  |  outIDE_n_rd  |  GPIO_OUT |  3.542   |  1.771   |
|  outIDE_n_wr  |  outIDE_n_wr  |  GPIO_OUT |  3.542   |  1.771   |
|   rtcIntLED   |   rtcIntLED   |  GPIO_OUT |  2.400   |  1.200   |
|   s100_CLOCK  |   s100_CLOCK  |  GPIO_OUT |  3.542   |  1.771   |
|   s100_n_pWR  |   s100_n_pWR  |  GPIO_OUT |  3.542   |  1.771   |
|   s100_n_sWO  |   s100_n_sWO  |  GPIO_OUT |  3.542   |  1.771   |
|   s100_pDBIN  |   s100_pDBIN  |  GPIO_OUT |  3.542   |  1.771   |
|    s100_PHI   |    s100_PHI   |  GPIO_OUT |  2.700   |  1.350   |
|   s100_pHLDA  |   s100_pHLDA  |  GPIO_OUT |  3.542   |  1.771   |
|  s100_pSTVAL  |  s100_pSTVAL  |  GPIO_OUT |  3.542   |  1.771   |
|   s100_pSYNC  |   s100_pSYNC  |  GPIO_OUT |  3.542   |  1.771   |
|   s100_sHLTA  |   s100_sHLTA  |  GPIO_OUT |  3.542   |  1.771   |
|   s100_sINP   |   s100_sINP   |  GPIO_OUT |  3.542   |  1.771   |
|   s100_sINTA  |   s100_sINTA  |  GPIO_OUT |  3.542   |  1.771   |
|    s100_sM1   |    s100_sM1   |  GPIO_OUT |  3.542   |  1.771   |
|   s100_sMEMR  |   s100_sMEMR  |  GPIO_OUT |  3.542   |  1.771   |
|   s100_sOUT   |   s100_sOUT   |  GPIO_OUT |  3.542   |  1.771   |
+---------------+---------------+-----------+----------+----------+

---------- LVDS Rx Timing Report (end) ----------

---------- 4. LVDS Tx Timing Report (begin) ----------

Non-registered LVDS GPIO Configuration:
========================================

+-----------------+-----------------+-----------+----------+----------+
|  Instance Name  |     Pin Name    | Parameter | Max (ns) | Min (ns) |
+-----------------+-----------------+-----------+----------+----------+
|    rtc_n_INT    |    rtc_n_INT    |  GPIO_IN  |  1.467   |  0.734   |
|    rtcPwrFail   |    rtcPwrFail   |  GPIO_IN  |  1.467   |  0.734   |
|     rtcSpiSO    |     rtcSpiSO    |  GPIO_IN  |  1.467   |  0.734   |
|     F_add_oe    |     F_add_oe    |  GPIO_OUT |  2.678   |  1.339   |
|  F_bus_stat_oe  |  F_bus_stat_oe  |  GPIO_OUT |  3.658   |  1.829   |
|    outPrn[0]    |    outPrn[0]    |  GPIO_OUT |  3.658   |  1.829   |
|    outPrn[1]    |    outPrn[1]    |  GPIO_OUT |  3.658   |  1.829   |
|    outPrn[2]    |    outPrn[2]    |  GPIO_OUT |  3.658   |  1.829   |
|    outPrn[3]    |    outPrn[3]    |  GPIO_OUT |  3.658   |  1.829   |
|    outPrn[4]    |    outPrn[4]    |  GPIO_OUT |  3.658   |  1.829   |
|     ram_A16     |     ram_A16     |  GPIO_OUT |  3.658   |  1.829   |
|     ram_A17     |     ram_A17     |  GPIO_OUT |  3.658   |  1.829   |
|     ram_A18     |     ram_A18     |  GPIO_OUT |  3.658   |  1.829   |
|     ram_n_oe    |     ram_n_oe    |  GPIO_OUT |  2.678   |  1.339   |
|     ram_n_wr    |     ram_n_wr    |  GPIO_OUT |  2.678   |  1.339   |
|    rtcSpiClk    |    rtcSpiClk    |  GPIO_OUT |  3.658   |  1.829   |
|     rtcSpiCS    |     rtcSpiCS    |  GPIO_OUT |  3.658   |  1.829   |
|     rtcSpiSI    |     rtcSpiSI    |  GPIO_OUT |  3.658   |  1.829   |
|    s100_ADSB    |    s100_ADSB    |  GPIO_OUT |  2.678   |  1.339   |
|    s100_CDSB    |    s100_CDSB    |  GPIO_OUT |  3.658   |  1.829   |
|  S100adr0_15[5] |  S100adr0_15[5] |  GPIO_OUT |  2.678   |  1.339   |
|  S100adr0_15[6] |  S100adr0_15[6] |  GPIO_OUT |  2.678   |  1.339   |
|  S100adr0_15[7] |  S100adr0_15[7] |  GPIO_OUT |  2.678   |  1.339   |
|  S100adr0_15[8] |  S100adr0_15[8] |  GPIO_OUT |  2.678   |  1.339   |
|  S100adr0_15[9] |  S100adr0_15[9] |  GPIO_OUT |  2.678   |  1.339   |
| S100adr0_15[10] | S100adr0_15[10] |  GPIO_OUT |  2.678   |  1.339   |
| S100adr0_15[11] | S100adr0_15[11] |  GPIO_OUT |  2.678   |  1.339   |
| S100adr0_15[12] | S100adr0_15[12] |  GPIO_OUT |  2.678   |  1.339   |
| S100adr0_15[13] | S100adr0_15[13] |  GPIO_OUT |  2.678   |  1.339   |
| S100adr0_15[14] | S100adr0_15[14] |  GPIO_OUT |  2.678   |  1.339   |
| S100adr0_15[15] | S100adr0_15[15] |  GPIO_OUT |  2.678   |  1.339   |
| S100adr16_19[0] | S100adr16_19[0] |  GPIO_OUT |  2.678   |  1.339   |
| S100adr16_19[1] | S100adr16_19[1] |  GPIO_OUT |  2.678   |  1.339   |
| S100adr16_19[2] | S100adr16_19[2] |  GPIO_OUT |  2.678   |  1.339   |
| S100adr16_19[3] | S100adr16_19[3] |  GPIO_OUT |  2.678   |  1.339   |
|    biData[5]    |   biData_IN[5]  |  GPIO_IN  |  1.467   |  0.734   |
|    biData[5]    |  biData_OUT[5]  |  GPIO_OUT |  2.678   |  1.339   |
|    biData[5]    |   biData_OE[5]  |  GPIO_OUT |  2.650   |  1.325   |
|    biData[6]    |   biData_IN[6]  |  GPIO_IN  |  1.467   |  0.734   |
|    biData[6]    |  biData_OUT[6]  |  GPIO_OUT |  2.678   |  1.339   |
|    biData[6]    |   biData_OE[6]  |  GPIO_OUT |  2.650   |  1.325   |
|    biData[7]    |   biData_IN[7]  |  GPIO_IN  |  1.467   |  0.734   |
|    biData[7]    |  biData_OUT[7]  |  GPIO_OUT |  2.678   |  1.339   |
|    biData[7]    |   biData_OE[7]  |  GPIO_OUT |  2.650   |  1.325   |
+-----------------+-----------------+-----------+----------+----------+

---------- LVDS Tx Timing Report (end) ----------
